  The vcpkg manifest was disabled, but we found a manifest file in C:\Users\artal\Documents\Visual Studio 2022\RumbleGame\CardRumble\. You may want to enable vcpkg manifests in your properties page or pass /p:VcpkgEnableManifest=true to the msbuild invocation.
LINK : warning LNK4098: conflit entre la bibliothèque par défaut 'MSVCRTD' et les autres bibliothèques ; utilisez /NODEFAULTLIB:library
matplot.lib(backend_interface.cpp.obj) : error LNK2001: symbole externe non résolu __imp__invalid_parameter
matplot.lib(surface.cpp.obj) : error LNK2001: symbole externe non résolu __imp__invalid_parameter
matplot.lib(vectors.cpp.obj) : error LNK2001: symbole externe non résolu __imp__invalid_parameter
matplot.lib(histcounts.cpp.obj) : error LNK2001: symbole externe non résolu __imp__invalid_parameter
matplot.lib(figure_registry.cpp.obj) : error LNK2001: symbole externe non résolu __imp__invalid_parameter
matplot.lib(network.cpp.obj) : error LNK2001: symbole externe non résolu __imp__invalid_parameter
matplot.lib(parallel_lines.cpp.obj) : error LNK2001: symbole externe non résolu __imp__invalid_parameter
matplot.lib(stair.cpp.obj) : error LNK2001: symbole externe non résolu __imp__invalid_parameter
matplot.lib(string_function.cpp.obj) : error LNK2001: symbole externe non résolu __imp__invalid_parameter
matplot.lib(contours.cpp.obj) : error LNK2001: symbole externe non résolu __imp__invalid_parameter
matplot.lib(filled_area.cpp.obj) : error LNK2001: symbole externe non résolu __imp__invalid_parameter
matplot.lib(labels.cpp.obj) : error LNK2001: symbole externe non résolu __imp__invalid_parameter
matplot.lib(matrix.cpp.obj) : error LNK2001: symbole externe non résolu __imp__invalid_parameter
matplot.lib(world_map_110m.cpp.obj) : error LNK2001: symbole externe non résolu __imp__invalid_parameter
matplot.lib(bars.cpp.obj) : error LNK2001: symbole externe non résolu __imp__invalid_parameter
matplot.lib(box_chart.cpp.obj) : error LNK2001: symbole externe non résolu __imp__invalid_parameter
matplot.lib(circles.cpp.obj) : error LNK2001: symbole externe non résolu __imp__invalid_parameter
matplot.lib(function_line.cpp.obj) : error LNK2001: symbole externe non résolu __imp__invalid_parameter
matplot.lib(common.cpp.obj) : error LNK2001: symbole externe non résolu __imp__invalid_parameter
matplot.lib(histogram.cpp.obj) : error LNK2001: symbole externe non résolu __imp__invalid_parameter
matplot.lib(contourc.cpp.obj) : error LNK2001: symbole externe non résolu __imp__invalid_parameter
matplot.lib(gnuplot.cpp.obj) : error LNK2001: symbole externe non résolu __imp__invalid_parameter
matplot.lib(figure_type.cpp.obj) : error LNK2001: symbole externe non résolu __imp__invalid_parameter
matplot.lib(line.cpp.obj) : error LNK2001: symbole externe non résolu __imp__invalid_parameter
matplot.lib(error_bar.cpp.obj) : error LNK2001: symbole externe non résolu __imp__invalid_parameter
matplot.lib(colors.cpp.obj) : error LNK2001: symbole externe non résolu __imp__invalid_parameter
matplot.lib(axis_type.cpp.obj) : error LNK2001: symbole externe non résolu __imp__invalid_parameter
matplot.lib(line_spec.cpp.obj) : error LNK2001: symbole externe non résolu __imp__invalid_parameter
matplot.lib(legend.cpp.obj) : error LNK2001: symbole externe non résolu __imp__invalid_parameter
Visualiser.obj : error LNK2001: symbole externe non résolu __imp__invalid_parameter
matplot.lib(axes_type.cpp.obj) : error LNK2001: symbole externe non résolu __imp__invalid_parameter
matplot.lib(axes_functions.cpp.obj) : error LNK2001: symbole externe non résolu __imp__invalid_parameter
matplot.lib(axes_object.cpp.obj) : error LNK2001: symbole externe non résolu __imp__invalid_parameter
Card.obj : error LNK2001: symbole externe non résolu __imp__invalid_parameter
CardRumble.obj : error LNK2001: symbole externe non résolu __imp__invalid_parameter
Deck.obj : error LNK2001: symbole externe non résolu __imp__invalid_parameter
Player.obj : error LNK2001: symbole externe non résolu __imp__invalid_parameter
matplot.lib(vectors.cpp.obj) : error LNK2001: symbole externe non résolu __imp__calloc_dbg
matplot.lib(contours.cpp.obj) : error LNK2001: symbole externe non résolu __imp__calloc_dbg
matplot.lib(network.cpp.obj) : error LNK2001: symbole externe non résolu __imp__calloc_dbg
matplot.lib(parallel_lines.cpp.obj) : error LNK2001: symbole externe non résolu __imp__calloc_dbg
matplot.lib(surface.cpp.obj) : error LNK2001: symbole externe non résolu __imp__calloc_dbg
matplot.lib(axes_type.cpp.obj) : error LNK2001: symbole externe non résolu __imp__calloc_dbg
matplot.lib(gnuplot.cpp.obj) : error LNK2001: symbole externe non résolu __imp__calloc_dbg
matplot.lib(line.cpp.obj) : error LNK2001: symbole externe non résolu __imp__calloc_dbg
matplot.lib(common.cpp.obj) : error LNK2001: symbole externe non résolu __imp__calloc_dbg
Card.obj : error LNK2001: symbole externe non résolu __imp__calloc_dbg
CardRumble.obj : error LNK2001: symbole externe non résolu __imp__calloc_dbg
Deck.obj : error LNK2001: symbole externe non résolu __imp__calloc_dbg
Player.obj : error LNK2001: symbole externe non résolu __imp__calloc_dbg
matplot.lib(backend_interface.cpp.obj) : error LNK2001: symbole externe non résolu __imp__CrtDbgReport
matplot.lib(surface.cpp.obj) : error LNK2001: symbole externe non résolu __imp__CrtDbgReport
matplot.lib(vectors.cpp.obj) : error LNK2001: symbole externe non résolu __imp__CrtDbgReport
matplot.lib(histcounts.cpp.obj) : error LNK2001: symbole externe non résolu __imp__CrtDbgReport
matplot.lib(figure_registry.cpp.obj) : error LNK2001: symbole externe non résolu __imp__CrtDbgReport
matplot.lib(network.cpp.obj) : error LNK2001: symbole externe non résolu __imp__CrtDbgReport
matplot.lib(parallel_lines.cpp.obj) : error LNK2001: symbole externe non résolu __imp__CrtDbgReport
matplot.lib(stair.cpp.obj) : error LNK2001: symbole externe non résolu __imp__CrtDbgReport
matplot.lib(string_function.cpp.obj) : error LNK2001: symbole externe non résolu __imp__CrtDbgReport
matplot.lib(contours.cpp.obj) : error LNK2001: symbole externe non résolu __imp__CrtDbgReport
matplot.lib(filled_area.cpp.obj) : error LNK2001: symbole externe non résolu __imp__CrtDbgReport
matplot.lib(labels.cpp.obj) : error LNK2001: symbole externe non résolu __imp__CrtDbgReport
matplot.lib(matrix.cpp.obj) : error LNK2001: symbole externe non résolu __imp__CrtDbgReport
matplot.lib(world_map_110m.cpp.obj) : error LNK2001: symbole externe non résolu __imp__CrtDbgReport
matplot.lib(bars.cpp.obj) : error LNK2001: symbole externe non résolu __imp__CrtDbgReport
matplot.lib(box_chart.cpp.obj) : error LNK2001: symbole externe non résolu __imp__CrtDbgReport
matplot.lib(circles.cpp.obj) : error LNK2001: symbole externe non résolu __imp__CrtDbgReport
matplot.lib(function_line.cpp.obj) : error LNK2001: symbole externe non résolu __imp__CrtDbgReport
matplot.lib(common.cpp.obj) : error LNK2001: symbole externe non résolu __imp__CrtDbgReport
matplot.lib(histogram.cpp.obj) : error LNK2001: symbole externe non résolu __imp__CrtDbgReport
matplot.lib(contourc.cpp.obj) : error LNK2001: symbole externe non résolu __imp__CrtDbgReport
matplot.lib(gnuplot.cpp.obj) : error LNK2001: symbole externe non résolu __imp__CrtDbgReport
matplot.lib(figure_type.cpp.obj) : error LNK2001: symbole externe non résolu __imp__CrtDbgReport
matplot.lib(line.cpp.obj) : error LNK2001: symbole externe non résolu __imp__CrtDbgReport
matplot.lib(error_bar.cpp.obj) : error LNK2001: symbole externe non résolu __imp__CrtDbgReport
matplot.lib(colors.cpp.obj) : error LNK2001: symbole externe non résolu __imp__CrtDbgReport
matplot.lib(axis_type.cpp.obj) : error LNK2001: symbole externe non résolu __imp__CrtDbgReport
matplot.lib(line_spec.cpp.obj) : error LNK2001: symbole externe non résolu __imp__CrtDbgReport
matplot.lib(legend.cpp.obj) : error LNK2001: symbole externe non résolu __imp__CrtDbgReport
Visualiser.obj : error LNK2001: symbole externe non résolu __imp__CrtDbgReport
matplot.lib(axes_type.cpp.obj) : error LNK2001: symbole externe non résolu __imp__CrtDbgReport
matplot.lib(axes_functions.cpp.obj) : error LNK2001: symbole externe non résolu __imp__CrtDbgReport
matplot.lib(axes_object.cpp.obj) : error LNK2001: symbole externe non résolu __imp__CrtDbgReport
Card.obj : error LNK2001: symbole externe non résolu __imp__CrtDbgReport
CardRumble.obj : error LNK2001: symbole externe non résolu __imp__CrtDbgReport
Deck.obj : error LNK2001: symbole externe non résolu __imp__CrtDbgReport
Player.obj : error LNK2001: symbole externe non résolu __imp__CrtDbgReport
matplot.lib(network.cpp.obj) : error LNK2019: symbole externe non résolu "class std::vector<struct nodesoup::Point2D,class std::allocator<struct nodesoup::Point2D> > __cdecl nodesoup::fruchterman_reingold(class std::vector<class std::vector<unsigned __int64,class std::allocator<unsigned __int64> >,class std::allocator<class std::vector<unsigned __int64,class std::allocator<unsigned __int64> > > > const &,unsigned int,unsigned int,unsigned int,double,class std::function<void __cdecl(class std::vector<struct nodesoup::Point2D,class std::allocator<struct nodesoup::Point2D> > const &,int)>)" (?fruchterman_reingold@nodesoup@@YA?AV?$vector@UPoint2D@nodesoup@@V?$allocator@UPoint2D@nodesoup@@@std@@@std@@AEBV?$vector@V?$vector@_KV?$allocator@_K@std@@@std@@V?$allocator@V?$vector@_KV?$allocator@_K@std@@@std@@@2@@3@IIINV?$function@$$A6AXAEBV?$vector@UPoint2D@nodesoup@@V?$allocator@UPoint2D@nodesoup@@@std@@@std@@H@Z@3@@Z) référencé dans la fonction "protected: void __cdecl matplot::network::process_force_layout(void)" (?process_force_layout@network@matplot@@IEAAXXZ)
matplot.lib(network.cpp.obj) : error LNK2019: symbole externe non résolu "class std::vector<struct nodesoup::Point2D,class std::allocator<struct nodesoup::Point2D> > __cdecl nodesoup::kamada_kawai(class std::vector<class std::vector<unsigned __int64,class std::allocator<unsigned __int64> >,class std::allocator<class std::vector<unsigned __int64,class std::allocator<unsigned __int64> > > > const &,unsigned int,unsigned int,double,double)" (?kamada_kawai@nodesoup@@YA?AV?$vector@UPoint2D@nodesoup@@V?$allocator@UPoint2D@nodesoup@@@std@@@std@@AEBV?$vector@V?$vector@_KV?$allocator@_K@std@@@std@@V?$allocator@V?$vector@_KV?$allocator@_K@std@@@std@@@2@@3@IINN@Z) référencé dans la fonction "protected: void __cdecl matplot::network::process_kawai_layout(void)" (?process_kawai_layout@network@matplot@@IEAAXXZ)
matplot.lib(network.cpp.obj) : error LNK2019: symbole externe non résolu "class std::vector<double,class std::allocator<double> > __cdecl nodesoup::size_radiuses(class std::vector<class std::vector<unsigned __int64,class std::allocator<unsigned __int64> >,class std::allocator<class std::vector<unsigned __int64,class std::allocator<unsigned __int64> > > > const &,double,double)" (?size_radiuses@nodesoup@@YA?AV?$vector@NV?$allocator@N@std@@@std@@AEBV?$vector@V?$vector@_KV?$allocator@_K@std@@@std@@V?$allocator@V?$vector@_KV?$allocator@_K@std@@@std@@@2@@3@NN@Z) référencé dans la fonction "protected: void __cdecl matplot::network::process_force_layout(void)" (?process_force_layout@network@matplot@@IEAAXXZ)
msvcprtd.lib(locale0_implib.obj) : error LNK2019: symbole externe non résolu __imp__free_dbg référencé dans la fonction "public: static void __cdecl std::_Fac_node::operator delete(void *)" (??3_Fac_node@std@@SAXPEAX@Z)
msvcprtd.lib(filesystem.obj) : error LNK2001: symbole externe non résolu __imp__free_dbg
msvcprtd.lib(locale0_implib.obj) : error LNK2019: symbole externe non résolu __imp__malloc_dbg référencé dans la fonction "public: static void * __cdecl std::_Fac_node::operator new(unsigned __int64)" (??2_Fac_node@std@@SAPEAX_K@Z)
msvcprtd.lib(filesystem.obj) : error LNK2001: symbole externe non résolu __imp__malloc_dbg
C:\Users\artal\Documents\Visual Studio 2022\RumbleGame\CardRumble\x64\Debug\CardRumble.exe : fatal error LNK1120: 8 externes non résolus
