c:\users\artal\documents\visual studio 2022\rumblegame\cardrumble\cardrumble\x64\debug\vc143.pdb
c:\users\artal\documents\visual studio 2022\rumblegame\cardrumble\cardrumble\x64\debug\vc143.idb
c:\users\artal\documents\visual studio 2022\rumblegame\cardrumble\cardrumble\x64\debug\deck.obj
c:\users\artal\documents\visual studio 2022\rumblegame\cardrumble\cardrumble\x64\debug\card.obj
c:\users\artal\documents\visual studio 2022\rumblegame\cardrumble\cardrumble\x64\debug\cardrumble.obj
c:\users\artal\documents\visual studio 2022\rumblegame\cardrumble\cardrumble\x64\debug\player.obj
c:\users\artal\documents\visual studio 2022\rumblegame\cardrumble\cardrumble\x64\debug\visualiser.obj
c:\users\artal\documents\visual studio 2022\rumblegame\cardrumble\x64\debug\cardrumble.exe
c:\users\artal\documents\visual studio 2022\rumblegame\cardrumble\x64\debug\cardrumble.pdb
c:\users\artal\documents\visual studio 2022\rumblegame\cardrumble\cardrumble\x64\debug\cardrumble.res
c:\users\artal\documents\visual studio 2022\rumblegame\cardrumble\cardrumble\x64\debug\cardrumble.ilk
c:\users\artal\documents\visual studio 2022\rumblegame\cardrumble\cardrumble\x64\debug\cardrumble.tlog\cl.command.1.tlog
c:\users\artal\documents\visual studio 2022\rumblegame\cardrumble\cardrumble\x64\debug\cardrumble.tlog\cl.items.tlog
c:\users\artal\documents\visual studio 2022\rumblegame\cardrumble\cardrumble\x64\debug\cardrumble.tlog\cl.read.1.tlog
c:\users\artal\documents\visual studio 2022\rumblegame\cardrumble\cardrumble\x64\debug\cardrumble.tlog\cl.write.1.tlog
c:\users\artal\documents\visual studio 2022\rumblegame\cardrumble\cardrumble\x64\debug\cardrumble.tlog\link.command.1.tlog
c:\users\artal\documents\visual studio 2022\rumblegame\cardrumble\cardrumble\x64\debug\cardrumble.tlog\link.read.1.tlog
c:\users\artal\documents\visual studio 2022\rumblegame\cardrumble\cardrumble\x64\debug\cardrumble.tlog\link.secondary.1.tlog
c:\users\artal\documents\visual studio 2022\rumblegame\cardrumble\cardrumble\x64\debug\cardrumble.tlog\link.write.1.tlog
c:\users\artal\documents\visual studio 2022\rumblegame\cardrumble\cardrumble\x64\debug\cardrumble.tlog\rc.command.1.tlog
c:\users\artal\documents\visual studio 2022\rumblegame\cardrumble\cardrumble\x64\debug\cardrumble.tlog\rc.read.1.tlog
c:\users\artal\documents\visual studio 2022\rumblegame\cardrumble\cardrumble\x64\debug\cardrumble.tlog\rc.write.1.tlog
