# CMAKE generated file: DO NOT EDIT!
# Generated by "Ninja" Generator, CMake Version 4.0

# This file contains all the build statements describing the
# compilation DAG.

# =============================================================================
# Write statements declared in CMakeLists.txt:
# 
# Which is the root file.
# =============================================================================

# =============================================================================
# Project: nodesoup
# Configurations: Debug
# =============================================================================

#############################################
# Minimal version of Ninja required by this file

ninja_required_version = 1.5


#############################################
# Set configuration variable for custom commands.

CONFIGURATION = Debug
# =============================================================================
# Include auxiliary files.


#############################################
# Include rules file.

include CMakeFiles\rules.ninja

# =============================================================================

#############################################
# Logical path to working directory; prefix for absolute paths.

cmake_ninja_workdir = C$:\Users\artal\Documents\Visual$ Studio$ 2022\RumbleGame\CardRumble\vcpkg_installed\vcpkg\blds\nodesoup\x64-windows-dbg\

#############################################
# Utility command for package

build CMakeFiles\package.util: CUSTOM_COMMAND all
  COMMAND = C:\WINDOWS\system32\cmd.exe /C "cd /D "C:\Users\artal\Documents\Visual Studio 2022\RumbleGame\CardRumble\vcpkg_installed\vcpkg\blds\nodesoup\x64-windows-dbg" && "C:\Program Files\CMake\bin\cpack.exe" --config ./CPackConfig.cmake"
  DESC = Run CPack packaging tool...
  pool = console
  restat = 1

build package: phony CMakeFiles\package.util


#############################################
# Utility command for package_source

build CMakeFiles\package_source.util: CUSTOM_COMMAND
  COMMAND = C:\WINDOWS\system32\cmd.exe /C "cd /D "C:\Users\artal\Documents\Visual Studio 2022\RumbleGame\CardRumble\vcpkg_installed\vcpkg\blds\nodesoup\x64-windows-dbg" && "C:\Program Files\CMake\bin\cpack.exe" --config ./CPackSourceConfig.cmake "C:/Users/artal/Documents/Visual Studio 2022/RumbleGame/CardRumble/vcpkg_installed/vcpkg/blds/nodesoup/x64-windows-dbg/CPackSourceConfig.cmake""
  DESC = Run CPack packaging tool for source...
  pool = console
  restat = 1

build package_source: phony CMakeFiles\package_source.util


#############################################
# Utility command for edit_cache

build CMakeFiles\edit_cache.util: CUSTOM_COMMAND
  COMMAND = C:\WINDOWS\system32\cmd.exe /C "cd /D "C:\Users\artal\Documents\Visual Studio 2022\RumbleGame\CardRumble\vcpkg_installed\vcpkg\blds\nodesoup\x64-windows-dbg" && "C:\Program Files\CMake\bin\cmake-gui.exe" -S"C:\Users\artal\Documents\Visual Studio 2022\RumbleGame\CardRumble\vcpkg_installed\vcpkg\blds\nodesoup\src\522dbca74f-4565ebbae7.clean" -B"C:\Users\artal\Documents\Visual Studio 2022\RumbleGame\CardRumble\vcpkg_installed\vcpkg\blds\nodesoup\x64-windows-dbg""
  DESC = Running CMake cache editor...
  pool = console
  restat = 1

build edit_cache: phony CMakeFiles\edit_cache.util


#############################################
# Utility command for rebuild_cache

build CMakeFiles\rebuild_cache.util: CUSTOM_COMMAND
  COMMAND = C:\WINDOWS\system32\cmd.exe /C "cd /D "C:\Users\artal\Documents\Visual Studio 2022\RumbleGame\CardRumble\vcpkg_installed\vcpkg\blds\nodesoup\x64-windows-dbg" && "C:\Program Files\CMake\bin\cmake.exe" --regenerate-during-build -S"C:\Users\artal\Documents\Visual Studio 2022\RumbleGame\CardRumble\vcpkg_installed\vcpkg\blds\nodesoup\src\522dbca74f-4565ebbae7.clean" -B"C:\Users\artal\Documents\Visual Studio 2022\RumbleGame\CardRumble\vcpkg_installed\vcpkg\blds\nodesoup\x64-windows-dbg""
  DESC = Running CMake to regenerate build system...
  pool = console
  restat = 1

build rebuild_cache: phony CMakeFiles\rebuild_cache.util


#############################################
# Utility command for list_install_components

build list_install_components: phony


#############################################
# Utility command for install

build CMakeFiles\install.util: CUSTOM_COMMAND all
  COMMAND = C:\WINDOWS\system32\cmd.exe /C "cd /D "C:\Users\artal\Documents\Visual Studio 2022\RumbleGame\CardRumble\vcpkg_installed\vcpkg\blds\nodesoup\x64-windows-dbg" && "C:\Program Files\CMake\bin\cmake.exe" -P cmake_install.cmake"
  DESC = Install the project...
  pool = console
  restat = 1

build install: phony CMakeFiles\install.util


#############################################
# Utility command for install/local

build CMakeFiles\install\local.util: CUSTOM_COMMAND all
  COMMAND = C:\WINDOWS\system32\cmd.exe /C "cd /D "C:\Users\artal\Documents\Visual Studio 2022\RumbleGame\CardRumble\vcpkg_installed\vcpkg\blds\nodesoup\x64-windows-dbg" && "C:\Program Files\CMake\bin\cmake.exe" -DCMAKE_INSTALL_LOCAL_ONLY=1 -P cmake_install.cmake"
  DESC = Installing only the local directory...
  pool = console
  restat = 1

build install\local: phony CMakeFiles\install\local.util

# =============================================================================
# Write statements declared in CMakeLists.txt:
# C:/Users/artal/Documents/Visual Studio 2022/RumbleGame/CardRumble/vcpkg_installed/vcpkg/blds/nodesoup/src/522dbca74f-4565ebbae7.clean/CMakeLists.txt
# =============================================================================

# =============================================================================
# Object build statements for STATIC_LIBRARY target nodesoup


#############################################
# Order-only phony target for nodesoup

build cmake_object_order_depends_target_nodesoup: phony || .

build src\CMakeFiles\nodesoup.dir\algebra.cpp.obj: CXX_COMPILER__nodesoup_unscanned_Debug C$:\Users\artal\Documents\Visual$ Studio$ 2022\RumbleGame\CardRumble\vcpkg_installed\vcpkg\blds\nodesoup\src\522dbca74f-4565ebbae7.clean\src\algebra.cpp || cmake_object_order_depends_target_nodesoup
  CONFIG = Debug
  DEFINES = -D_USE_MATH_DEFINES
  FLAGS = /nologo /DWIN32 /D_WINDOWS /utf-8 /GR /EHsc /MP  /D_DEBUG /MDd /Z7 /Ob0 /Od /RTC1  -MDd /W4
  INCLUDES = -I"C:\Users\artal\Documents\Visual Studio 2022\RumbleGame\CardRumble\vcpkg_installed\vcpkg\blds\nodesoup\src\522dbca74f-4565ebbae7.clean\include" -I"C:\Users\artal\Documents\Visual Studio 2022\RumbleGame\CardRumble\vcpkg_installed\vcpkg\blds\nodesoup\src\522dbca74f-4565ebbae7.clean\src"
  OBJECT_DIR = src\CMakeFiles\nodesoup.dir
  OBJECT_FILE_DIR = src\CMakeFiles\nodesoup.dir
  TARGET_COMPILE_PDB = src\CMakeFiles\nodesoup.dir\nodesoup.pdb
  TARGET_PDB = src\nodesoup.pdb

build src\CMakeFiles\nodesoup.dir\fruchterman_reingold.cpp.obj: CXX_COMPILER__nodesoup_unscanned_Debug C$:\Users\artal\Documents\Visual$ Studio$ 2022\RumbleGame\CardRumble\vcpkg_installed\vcpkg\blds\nodesoup\src\522dbca74f-4565ebbae7.clean\src\fruchterman_reingold.cpp || cmake_object_order_depends_target_nodesoup
  CONFIG = Debug
  DEFINES = -D_USE_MATH_DEFINES
  FLAGS = /nologo /DWIN32 /D_WINDOWS /utf-8 /GR /EHsc /MP  /D_DEBUG /MDd /Z7 /Ob0 /Od /RTC1  -MDd /W4
  INCLUDES = -I"C:\Users\artal\Documents\Visual Studio 2022\RumbleGame\CardRumble\vcpkg_installed\vcpkg\blds\nodesoup\src\522dbca74f-4565ebbae7.clean\include" -I"C:\Users\artal\Documents\Visual Studio 2022\RumbleGame\CardRumble\vcpkg_installed\vcpkg\blds\nodesoup\src\522dbca74f-4565ebbae7.clean\src"
  OBJECT_DIR = src\CMakeFiles\nodesoup.dir
  OBJECT_FILE_DIR = src\CMakeFiles\nodesoup.dir
  TARGET_COMPILE_PDB = src\CMakeFiles\nodesoup.dir\nodesoup.pdb
  TARGET_PDB = src\nodesoup.pdb

build src\CMakeFiles\nodesoup.dir\kamada_kawai.cpp.obj: CXX_COMPILER__nodesoup_unscanned_Debug C$:\Users\artal\Documents\Visual$ Studio$ 2022\RumbleGame\CardRumble\vcpkg_installed\vcpkg\blds\nodesoup\src\522dbca74f-4565ebbae7.clean\src\kamada_kawai.cpp || cmake_object_order_depends_target_nodesoup
  CONFIG = Debug
  DEFINES = -D_USE_MATH_DEFINES
  FLAGS = /nologo /DWIN32 /D_WINDOWS /utf-8 /GR /EHsc /MP  /D_DEBUG /MDd /Z7 /Ob0 /Od /RTC1  -MDd /W4
  INCLUDES = -I"C:\Users\artal\Documents\Visual Studio 2022\RumbleGame\CardRumble\vcpkg_installed\vcpkg\blds\nodesoup\src\522dbca74f-4565ebbae7.clean\include" -I"C:\Users\artal\Documents\Visual Studio 2022\RumbleGame\CardRumble\vcpkg_installed\vcpkg\blds\nodesoup\src\522dbca74f-4565ebbae7.clean\src"
  OBJECT_DIR = src\CMakeFiles\nodesoup.dir
  OBJECT_FILE_DIR = src\CMakeFiles\nodesoup.dir
  TARGET_COMPILE_PDB = src\CMakeFiles\nodesoup.dir\nodesoup.pdb
  TARGET_PDB = src\nodesoup.pdb

build src\CMakeFiles\nodesoup.dir\layout.cpp.obj: CXX_COMPILER__nodesoup_unscanned_Debug C$:\Users\artal\Documents\Visual$ Studio$ 2022\RumbleGame\CardRumble\vcpkg_installed\vcpkg\blds\nodesoup\src\522dbca74f-4565ebbae7.clean\src\layout.cpp || cmake_object_order_depends_target_nodesoup
  CONFIG = Debug
  DEFINES = -D_USE_MATH_DEFINES
  FLAGS = /nologo /DWIN32 /D_WINDOWS /utf-8 /GR /EHsc /MP  /D_DEBUG /MDd /Z7 /Ob0 /Od /RTC1  -MDd /W4
  INCLUDES = -I"C:\Users\artal\Documents\Visual Studio 2022\RumbleGame\CardRumble\vcpkg_installed\vcpkg\blds\nodesoup\src\522dbca74f-4565ebbae7.clean\include" -I"C:\Users\artal\Documents\Visual Studio 2022\RumbleGame\CardRumble\vcpkg_installed\vcpkg\blds\nodesoup\src\522dbca74f-4565ebbae7.clean\src"
  OBJECT_DIR = src\CMakeFiles\nodesoup.dir
  OBJECT_FILE_DIR = src\CMakeFiles\nodesoup.dir
  TARGET_COMPILE_PDB = src\CMakeFiles\nodesoup.dir\nodesoup.pdb
  TARGET_PDB = src\nodesoup.pdb

build src\CMakeFiles\nodesoup.dir\nodesoup.cpp.obj: CXX_COMPILER__nodesoup_unscanned_Debug C$:\Users\artal\Documents\Visual$ Studio$ 2022\RumbleGame\CardRumble\vcpkg_installed\vcpkg\blds\nodesoup\src\522dbca74f-4565ebbae7.clean\src\nodesoup.cpp || cmake_object_order_depends_target_nodesoup
  CONFIG = Debug
  DEFINES = -D_USE_MATH_DEFINES
  FLAGS = /nologo /DWIN32 /D_WINDOWS /utf-8 /GR /EHsc /MP  /D_DEBUG /MDd /Z7 /Ob0 /Od /RTC1  -MDd /W4
  INCLUDES = -I"C:\Users\artal\Documents\Visual Studio 2022\RumbleGame\CardRumble\vcpkg_installed\vcpkg\blds\nodesoup\src\522dbca74f-4565ebbae7.clean\include" -I"C:\Users\artal\Documents\Visual Studio 2022\RumbleGame\CardRumble\vcpkg_installed\vcpkg\blds\nodesoup\src\522dbca74f-4565ebbae7.clean\src"
  OBJECT_DIR = src\CMakeFiles\nodesoup.dir
  OBJECT_FILE_DIR = src\CMakeFiles\nodesoup.dir
  TARGET_COMPILE_PDB = src\CMakeFiles\nodesoup.dir\nodesoup.pdb
  TARGET_PDB = src\nodesoup.pdb


# =============================================================================
# Link build statements for STATIC_LIBRARY target nodesoup


#############################################
# Link the static library src\nodesoup.lib

build src\nodesoup.lib: CXX_STATIC_LIBRARY_LINKER__nodesoup_Debug src\CMakeFiles\nodesoup.dir\algebra.cpp.obj src\CMakeFiles\nodesoup.dir\fruchterman_reingold.cpp.obj src\CMakeFiles\nodesoup.dir\kamada_kawai.cpp.obj src\CMakeFiles\nodesoup.dir\layout.cpp.obj src\CMakeFiles\nodesoup.dir\nodesoup.cpp.obj
  CONFIG = Debug
  LANGUAGE_COMPILE_FLAGS = /nologo /DWIN32 /D_WINDOWS /utf-8 /GR /EHsc /MP  /D_DEBUG /MDd /Z7 /Ob0 /Od /RTC1  -MDd
  LINK_FLAGS = /machine:x64 /nologo
  OBJECT_DIR = src\CMakeFiles\nodesoup.dir
  POST_BUILD = cd .
  PRE_LINK = cd .
  TARGET_COMPILE_PDB = src\CMakeFiles\nodesoup.dir\nodesoup.pdb
  TARGET_FILE = src\nodesoup.lib
  TARGET_PDB = src\nodesoup.pdb


#############################################
# Utility command for package

build src\CMakeFiles\package.util: CUSTOM_COMMAND src\all
  COMMAND = C:\WINDOWS\system32\cmd.exe /C "cd /D "C:\Users\artal\Documents\Visual Studio 2022\RumbleGame\CardRumble\vcpkg_installed\vcpkg\blds\nodesoup\x64-windows-dbg" && "C:\Program Files\CMake\bin\cpack.exe" --config ./CPackConfig.cmake"
  DESC = Run CPack packaging tool...
  pool = console
  restat = 1

build src\package: phony src\CMakeFiles\package.util


#############################################
# Utility command for package_source

build src\CMakeFiles\package_source.util: CUSTOM_COMMAND
  COMMAND = C:\WINDOWS\system32\cmd.exe /C "cd /D "C:\Users\artal\Documents\Visual Studio 2022\RumbleGame\CardRumble\vcpkg_installed\vcpkg\blds\nodesoup\x64-windows-dbg" && "C:\Program Files\CMake\bin\cpack.exe" --config ./CPackSourceConfig.cmake "C:/Users/artal/Documents/Visual Studio 2022/RumbleGame/CardRumble/vcpkg_installed/vcpkg/blds/nodesoup/x64-windows-dbg/CPackSourceConfig.cmake""
  DESC = Run CPack packaging tool for source...
  pool = console
  restat = 1

build src\package_source: phony src\CMakeFiles\package_source.util


#############################################
# Utility command for edit_cache

build src\CMakeFiles\edit_cache.util: CUSTOM_COMMAND
  COMMAND = C:\WINDOWS\system32\cmd.exe /C "cd /D "C:\Users\artal\Documents\Visual Studio 2022\RumbleGame\CardRumble\vcpkg_installed\vcpkg\blds\nodesoup\x64-windows-dbg\src" && "C:\Program Files\CMake\bin\cmake-gui.exe" -S"C:\Users\artal\Documents\Visual Studio 2022\RumbleGame\CardRumble\vcpkg_installed\vcpkg\blds\nodesoup\src\522dbca74f-4565ebbae7.clean" -B"C:\Users\artal\Documents\Visual Studio 2022\RumbleGame\CardRumble\vcpkg_installed\vcpkg\blds\nodesoup\x64-windows-dbg""
  DESC = Running CMake cache editor...
  pool = console
  restat = 1

build src\edit_cache: phony src\CMakeFiles\edit_cache.util


#############################################
# Utility command for rebuild_cache

build src\CMakeFiles\rebuild_cache.util: CUSTOM_COMMAND
  COMMAND = C:\WINDOWS\system32\cmd.exe /C "cd /D "C:\Users\artal\Documents\Visual Studio 2022\RumbleGame\CardRumble\vcpkg_installed\vcpkg\blds\nodesoup\x64-windows-dbg\src" && "C:\Program Files\CMake\bin\cmake.exe" --regenerate-during-build -S"C:\Users\artal\Documents\Visual Studio 2022\RumbleGame\CardRumble\vcpkg_installed\vcpkg\blds\nodesoup\src\522dbca74f-4565ebbae7.clean" -B"C:\Users\artal\Documents\Visual Studio 2022\RumbleGame\CardRumble\vcpkg_installed\vcpkg\blds\nodesoup\x64-windows-dbg""
  DESC = Running CMake to regenerate build system...
  pool = console
  restat = 1

build src\rebuild_cache: phony src\CMakeFiles\rebuild_cache.util


#############################################
# Utility command for list_install_components

build src\list_install_components: phony


#############################################
# Utility command for install

build src\CMakeFiles\install.util: CUSTOM_COMMAND src\all
  COMMAND = C:\WINDOWS\system32\cmd.exe /C "cd /D "C:\Users\artal\Documents\Visual Studio 2022\RumbleGame\CardRumble\vcpkg_installed\vcpkg\blds\nodesoup\x64-windows-dbg\src" && "C:\Program Files\CMake\bin\cmake.exe" -P cmake_install.cmake"
  DESC = Install the project...
  pool = console
  restat = 1

build src\install: phony src\CMakeFiles\install.util


#############################################
# Utility command for install/local

build src\CMakeFiles\install\local.util: CUSTOM_COMMAND src\all
  COMMAND = C:\WINDOWS\system32\cmd.exe /C "cd /D "C:\Users\artal\Documents\Visual Studio 2022\RumbleGame\CardRumble\vcpkg_installed\vcpkg\blds\nodesoup\x64-windows-dbg\src" && "C:\Program Files\CMake\bin\cmake.exe" -DCMAKE_INSTALL_LOCAL_ONLY=1 -P cmake_install.cmake"
  DESC = Installing only the local directory...
  pool = console
  restat = 1

build src\install\local: phony src\CMakeFiles\install\local.util

# =============================================================================
# Target aliases.

build nodesoup: phony src\nodesoup.lib

build nodesoup.lib: phony src\nodesoup.lib

# =============================================================================
# Folder targets.

# =============================================================================

#############################################
# Folder: C:/Users/artal/Documents/Visual Studio 2022/RumbleGame/CardRumble/vcpkg_installed/vcpkg/blds/nodesoup/x64-windows-dbg

build all: phony src\all

# =============================================================================

#############################################
# Folder: C:/Users/artal/Documents/Visual Studio 2022/RumbleGame/CardRumble/vcpkg_installed/vcpkg/blds/nodesoup/x64-windows-dbg/src

build src\all: phony src\nodesoup.lib

# =============================================================================
# Built-in targets


#############################################
# Re-run CMake if any of its inputs changed.

build build.ninja C$:\Users\artal\Documents\Visual$ Studio$ 2022\RumbleGame\CardRumble\vcpkg_installed\vcpkg\blds\nodesoup\x64-windows-dbg\cmake_install.cmake C$:\Users\artal\Documents\Visual$ Studio$ 2022\RumbleGame\CardRumble\vcpkg_installed\vcpkg\blds\nodesoup\x64-windows-dbg\src\cmake_install.cmake: RERUN_CMAKE | C$:\Program$ Files\CMake\share\cmake-4.0\Modules\BasicConfigVersion-AnyNewerVersion.cmake.in C$:\Program$ Files\CMake\share\cmake-4.0\Modules\CMakeCXXCompiler.cmake.in C$:\Program$ Files\CMake\share\cmake-4.0\Modules\CMakeCXXCompilerABI.cpp C$:\Program$ Files\CMake\share\cmake-4.0\Modules\CMakeCXXInformation.cmake C$:\Program$ Files\CMake\share\cmake-4.0\Modules\CMakeCommonLanguageInclude.cmake C$:\Program$ Files\CMake\share\cmake-4.0\Modules\CMakeCompilerIdDetection.cmake C$:\Program$ Files\CMake\share\cmake-4.0\Modules\CMakeDependentOption.cmake C$:\Program$ Files\CMake\share\cmake-4.0\Modules\CMakeDetermineCXXCompiler.cmake C$:\Program$ Files\CMake\share\cmake-4.0\Modules\CMakeDetermineCompiler.cmake C$:\Program$ Files\CMake\share\cmake-4.0\Modules\CMakeDetermineCompilerABI.cmake C$:\Program$ Files\CMake\share\cmake-4.0\Modules\CMakeDetermineCompilerId.cmake C$:\Program$ Files\CMake\share\cmake-4.0\Modules\CMakeDetermineCompilerSupport.cmake C$:\Program$ Files\CMake\share\cmake-4.0\Modules\CMakeDetermineRCCompiler.cmake C$:\Program$ Files\CMake\share\cmake-4.0\Modules\CMakeDetermineSystem.cmake C$:\Program$ Files\CMake\share\cmake-4.0\Modules\CMakeFindBinUtils.cmake C$:\Program$ Files\CMake\share\cmake-4.0\Modules\CMakeGenericSystem.cmake C$:\Program$ Files\CMake\share\cmake-4.0\Modules\CMakeInitializeConfigs.cmake C$:\Program$ Files\CMake\share\cmake-4.0\Modules\CMakeLanguageInformation.cmake C$:\Program$ Files\CMake\share\cmake-4.0\Modules\CMakePackageConfigHelpers.cmake C$:\Program$ Files\CMake\share\cmake-4.0\Modules\CMakeParseImplicitIncludeInfo.cmake C$:\Program$ Files\CMake\share\cmake-4.0\Modules\CMakeParseImplicitLinkInfo.cmake C$:\Program$ Files\CMake\share\cmake-4.0\Modules\CMakeParseLibraryArchitecture.cmake C$:\Program$ Files\CMake\share\cmake-4.0\Modules\CMakeRCCompiler.cmake.in C$:\Program$ Files\CMake\share\cmake-4.0\Modules\CMakeRCInformation.cmake C$:\Program$ Files\CMake\share\cmake-4.0\Modules\CMakeSystem.cmake.in C$:\Program$ Files\CMake\share\cmake-4.0\Modules\CMakeSystemSpecificInformation.cmake C$:\Program$ Files\CMake\share\cmake-4.0\Modules\CMakeSystemSpecificInitialize.cmake C$:\Program$ Files\CMake\share\cmake-4.0\Modules\CMakeTestCXXCompiler.cmake C$:\Program$ Files\CMake\share\cmake-4.0\Modules\CMakeTestCompilerCommon.cmake C$:\Program$ Files\CMake\share\cmake-4.0\Modules\CMakeTestRCCompiler.cmake C$:\Program$ Files\CMake\share\cmake-4.0\Modules\CPack.cmake C$:\Program$ Files\CMake\share\cmake-4.0\Modules\CPackComponent.cmake C$:\Program$ Files\CMake\share\cmake-4.0\Modules\Compiler\ADSP-DetermineCompiler.cmake C$:\Program$ Files\CMake\share\cmake-4.0\Modules\Compiler\ARMCC-DetermineCompiler.cmake C$:\Program$ Files\CMake\share\cmake-4.0\Modules\Compiler\ARMClang-DetermineCompiler.cmake C$:\Program$ Files\CMake\share\cmake-4.0\Modules\Compiler\AppleClang-DetermineCompiler.cmake C$:\Program$ Files\CMake\share\cmake-4.0\Modules\Compiler\Borland-DetermineCompiler.cmake C$:\Program$ Files\CMake\share\cmake-4.0\Modules\Compiler\CMakeCommonCompilerMacros.cmake C$:\Program$ Files\CMake\share\cmake-4.0\Modules\Compiler\Clang-DetermineCompiler.cmake C$:\Program$ Files\CMake\share\cmake-4.0\Modules\Compiler\Clang-DetermineCompilerInternal.cmake C$:\Program$ Files\CMake\share\cmake-4.0\Modules\Compiler\Compaq-CXX-DetermineCompiler.cmake C$:\Program$ Files\CMake\share\cmake-4.0\Modules\Compiler\Cray-DetermineCompiler.cmake C$:\Program$ Files\CMake\share\cmake-4.0\Modules\Compiler\CrayClang-DetermineCompiler.cmake C$:\Program$ Files\CMake\share\cmake-4.0\Modules\Compiler\Embarcadero-DetermineCompiler.cmake C$:\Program$ Files\CMake\share\cmake-4.0\Modules\Compiler\Fujitsu-DetermineCompiler.cmake C$:\Program$ Files\CMake\share\cmake-4.0\Modules\Compiler\FujitsuClang-DetermineCompiler.cmake C$:\Program$ Files\CMake\share\cmake-4.0\Modules\Compiler\GHS-DetermineCompiler.cmake C$:\Program$ Files\CMake\share\cmake-4.0\Modules\Compiler\GNU-CXX-DetermineCompiler.cmake C$:\Program$ Files\CMake\share\cmake-4.0\Modules\Compiler\HP-CXX-DetermineCompiler.cmake C$:\Program$ Files\CMake\share\cmake-4.0\Modules\Compiler\IAR-DetermineCompiler.cmake C$:\Program$ Files\CMake\share\cmake-4.0\Modules\Compiler\IBMCPP-CXX-DetermineVersionInternal.cmake C$:\Program$ Files\CMake\share\cmake-4.0\Modules\Compiler\IBMClang-CXX-DetermineCompiler.cmake C$:\Program$ Files\CMake\share\cmake-4.0\Modules\Compiler\Intel-DetermineCompiler.cmake C$:\Program$ Files\CMake\share\cmake-4.0\Modules\Compiler\IntelLLVM-DetermineCompiler.cmake C$:\Program$ Files\CMake\share\cmake-4.0\Modules\Compiler\LCC-CXX-DetermineCompiler.cmake C$:\Program$ Files\CMake\share\cmake-4.0\Modules\Compiler\MSVC-CXX-CXXImportStd.cmake C$:\Program$ Files\CMake\share\cmake-4.0\Modules\Compiler\MSVC-CXX.cmake C$:\Program$ Files\CMake\share\cmake-4.0\Modules\Compiler\MSVC-DetermineCompiler.cmake C$:\Program$ Files\CMake\share\cmake-4.0\Modules\Compiler\MSVC.cmake C$:\Program$ Files\CMake\share\cmake-4.0\Modules\Compiler\NVHPC-DetermineCompiler.cmake C$:\Program$ Files\CMake\share\cmake-4.0\Modules\Compiler\NVIDIA-DetermineCompiler.cmake C$:\Program$ Files\CMake\share\cmake-4.0\Modules\Compiler\OpenWatcom-DetermineCompiler.cmake C$:\Program$ Files\CMake\share\cmake-4.0\Modules\Compiler\OrangeC-DetermineCompiler.cmake C$:\Program$ Files\CMake\share\cmake-4.0\Modules\Compiler\PGI-DetermineCompiler.cmake C$:\Program$ Files\CMake\share\cmake-4.0\Modules\Compiler\PathScale-DetermineCompiler.cmake C$:\Program$ Files\CMake\share\cmake-4.0\Modules\Compiler\SCO-DetermineCompiler.cmake C$:\Program$ Files\CMake\share\cmake-4.0\Modules\Compiler\SunPro-CXX-DetermineCompiler.cmake C$:\Program$ Files\CMake\share\cmake-4.0\Modules\Compiler\TI-DetermineCompiler.cmake C$:\Program$ Files\CMake\share\cmake-4.0\Modules\Compiler\TIClang-DetermineCompiler.cmake C$:\Program$ Files\CMake\share\cmake-4.0\Modules\Compiler\Tasking-DetermineCompiler.cmake C$:\Program$ Files\CMake\share\cmake-4.0\Modules\Compiler\VisualAge-CXX-DetermineCompiler.cmake C$:\Program$ Files\CMake\share\cmake-4.0\Modules\Compiler\Watcom-DetermineCompiler.cmake C$:\Program$ Files\CMake\share\cmake-4.0\Modules\Compiler\XL-CXX-DetermineCompiler.cmake C$:\Program$ Files\CMake\share\cmake-4.0\Modules\Compiler\XLClang-CXX-DetermineCompiler.cmake C$:\Program$ Files\CMake\share\cmake-4.0\Modules\Compiler\zOS-CXX-DetermineCompiler.cmake C$:\Program$ Files\CMake\share\cmake-4.0\Modules\GNUInstallDirs.cmake C$:\Program$ Files\CMake\share\cmake-4.0\Modules\Internal\CMakeCXXLinkerInformation.cmake C$:\Program$ Files\CMake\share\cmake-4.0\Modules\Internal\CMakeCommonLinkerInformation.cmake C$:\Program$ Files\CMake\share\cmake-4.0\Modules\Internal\CMakeDetermineLinkerId.cmake C$:\Program$ Files\CMake\share\cmake-4.0\Modules\Internal\FeatureTesting.cmake C$:\Program$ Files\CMake\share\cmake-4.0\Modules\Linker\MSVC-CXX.cmake C$:\Program$ Files\CMake\share\cmake-4.0\Modules\Linker\MSVC.cmake C$:\Program$ Files\CMake\share\cmake-4.0\Modules\Platform\Linker\Windows-MSVC-CXX.cmake C$:\Program$ Files\CMake\share\cmake-4.0\Modules\Platform\Linker\Windows-MSVC.cmake C$:\Program$ Files\CMake\share\cmake-4.0\Modules\Platform\Windows-Determine-CXX.cmake C$:\Program$ Files\CMake\share\cmake-4.0\Modules\Platform\Windows-Initialize.cmake C$:\Program$ Files\CMake\share\cmake-4.0\Modules\Platform\Windows-MSVC-CXX.cmake C$:\Program$ Files\CMake\share\cmake-4.0\Modules\Platform\Windows-MSVC.cmake C$:\Program$ Files\CMake\share\cmake-4.0\Modules\Platform\Windows.cmake C$:\Program$ Files\CMake\share\cmake-4.0\Modules\Platform\WindowsPaths.cmake C$:\Program$ Files\CMake\share\cmake-4.0\Modules\WriteBasicConfigVersionFile.cmake C$:\Program$ Files\CMake\share\cmake-4.0\Templates\CPackConfig.cmake.in C$:\Program$ Files\Microsoft$ Visual$ Studio\2022-17.12.2\VC\vcpkg\scripts\buildsystems\vcpkg.cmake C$:\Program$ Files\Microsoft$ Visual$ Studio\2022-17.12.2\VC\vcpkg\scripts\toolchains\windows.cmake C$:\Users\artal\Documents\Visual$ Studio$ 2022\RumbleGame\CardRumble\vcpkg_installed\vcpkg\blds\nodesoup\src\522dbca74f-4565ebbae7.clean\CMakeLists.txt C$:\Users\artal\Documents\Visual$ Studio$ 2022\RumbleGame\CardRumble\vcpkg_installed\vcpkg\blds\nodesoup\src\522dbca74f-4565ebbae7.clean\src\CMakeLists.txt CMakeCache.txt CMakeFiles\4.0.0-rc4\CMakeCXXCompiler.cmake CMakeFiles\4.0.0-rc4\CMakeRCCompiler.cmake CMakeFiles\4.0.0-rc4\CMakeSystem.cmake
  pool = console


#############################################
# A missing CMake input file is not an error.

build C$:\Program$ Files\CMake\share\cmake-4.0\Modules\BasicConfigVersion-AnyNewerVersion.cmake.in C$:\Program$ Files\CMake\share\cmake-4.0\Modules\CMakeCXXCompiler.cmake.in C$:\Program$ Files\CMake\share\cmake-4.0\Modules\CMakeCXXCompilerABI.cpp C$:\Program$ Files\CMake\share\cmake-4.0\Modules\CMakeCXXInformation.cmake C$:\Program$ Files\CMake\share\cmake-4.0\Modules\CMakeCommonLanguageInclude.cmake C$:\Program$ Files\CMake\share\cmake-4.0\Modules\CMakeCompilerIdDetection.cmake C$:\Program$ Files\CMake\share\cmake-4.0\Modules\CMakeDependentOption.cmake C$:\Program$ Files\CMake\share\cmake-4.0\Modules\CMakeDetermineCXXCompiler.cmake C$:\Program$ Files\CMake\share\cmake-4.0\Modules\CMakeDetermineCompiler.cmake C$:\Program$ Files\CMake\share\cmake-4.0\Modules\CMakeDetermineCompilerABI.cmake C$:\Program$ Files\CMake\share\cmake-4.0\Modules\CMakeDetermineCompilerId.cmake C$:\Program$ Files\CMake\share\cmake-4.0\Modules\CMakeDetermineCompilerSupport.cmake C$:\Program$ Files\CMake\share\cmake-4.0\Modules\CMakeDetermineRCCompiler.cmake C$:\Program$ Files\CMake\share\cmake-4.0\Modules\CMakeDetermineSystem.cmake C$:\Program$ Files\CMake\share\cmake-4.0\Modules\CMakeFindBinUtils.cmake C$:\Program$ Files\CMake\share\cmake-4.0\Modules\CMakeGenericSystem.cmake C$:\Program$ Files\CMake\share\cmake-4.0\Modules\CMakeInitializeConfigs.cmake C$:\Program$ Files\CMake\share\cmake-4.0\Modules\CMakeLanguageInformation.cmake C$:\Program$ Files\CMake\share\cmake-4.0\Modules\CMakePackageConfigHelpers.cmake C$:\Program$ Files\CMake\share\cmake-4.0\Modules\CMakeParseImplicitIncludeInfo.cmake C$:\Program$ Files\CMake\share\cmake-4.0\Modules\CMakeParseImplicitLinkInfo.cmake C$:\Program$ Files\CMake\share\cmake-4.0\Modules\CMakeParseLibraryArchitecture.cmake C$:\Program$ Files\CMake\share\cmake-4.0\Modules\CMakeRCCompiler.cmake.in C$:\Program$ Files\CMake\share\cmake-4.0\Modules\CMakeRCInformation.cmake C$:\Program$ Files\CMake\share\cmake-4.0\Modules\CMakeSystem.cmake.in C$:\Program$ Files\CMake\share\cmake-4.0\Modules\CMakeSystemSpecificInformation.cmake C$:\Program$ Files\CMake\share\cmake-4.0\Modules\CMakeSystemSpecificInitialize.cmake C$:\Program$ Files\CMake\share\cmake-4.0\Modules\CMakeTestCXXCompiler.cmake C$:\Program$ Files\CMake\share\cmake-4.0\Modules\CMakeTestCompilerCommon.cmake C$:\Program$ Files\CMake\share\cmake-4.0\Modules\CMakeTestRCCompiler.cmake C$:\Program$ Files\CMake\share\cmake-4.0\Modules\CPack.cmake C$:\Program$ Files\CMake\share\cmake-4.0\Modules\CPackComponent.cmake C$:\Program$ Files\CMake\share\cmake-4.0\Modules\Compiler\ADSP-DetermineCompiler.cmake C$:\Program$ Files\CMake\share\cmake-4.0\Modules\Compiler\ARMCC-DetermineCompiler.cmake C$:\Program$ Files\CMake\share\cmake-4.0\Modules\Compiler\ARMClang-DetermineCompiler.cmake C$:\Program$ Files\CMake\share\cmake-4.0\Modules\Compiler\AppleClang-DetermineCompiler.cmake C$:\Program$ Files\CMake\share\cmake-4.0\Modules\Compiler\Borland-DetermineCompiler.cmake C$:\Program$ Files\CMake\share\cmake-4.0\Modules\Compiler\CMakeCommonCompilerMacros.cmake C$:\Program$ Files\CMake\share\cmake-4.0\Modules\Compiler\Clang-DetermineCompiler.cmake C$:\Program$ Files\CMake\share\cmake-4.0\Modules\Compiler\Clang-DetermineCompilerInternal.cmake C$:\Program$ Files\CMake\share\cmake-4.0\Modules\Compiler\Compaq-CXX-DetermineCompiler.cmake C$:\Program$ Files\CMake\share\cmake-4.0\Modules\Compiler\Cray-DetermineCompiler.cmake C$:\Program$ Files\CMake\share\cmake-4.0\Modules\Compiler\CrayClang-DetermineCompiler.cmake C$:\Program$ Files\CMake\share\cmake-4.0\Modules\Compiler\Embarcadero-DetermineCompiler.cmake C$:\Program$ Files\CMake\share\cmake-4.0\Modules\Compiler\Fujitsu-DetermineCompiler.cmake C$:\Program$ Files\CMake\share\cmake-4.0\Modules\Compiler\FujitsuClang-DetermineCompiler.cmake C$:\Program$ Files\CMake\share\cmake-4.0\Modules\Compiler\GHS-DetermineCompiler.cmake C$:\Program$ Files\CMake\share\cmake-4.0\Modules\Compiler\GNU-CXX-DetermineCompiler.cmake C$:\Program$ Files\CMake\share\cmake-4.0\Modules\Compiler\HP-CXX-DetermineCompiler.cmake C$:\Program$ Files\CMake\share\cmake-4.0\Modules\Compiler\IAR-DetermineCompiler.cmake C$:\Program$ Files\CMake\share\cmake-4.0\Modules\Compiler\IBMCPP-CXX-DetermineVersionInternal.cmake C$:\Program$ Files\CMake\share\cmake-4.0\Modules\Compiler\IBMClang-CXX-DetermineCompiler.cmake C$:\Program$ Files\CMake\share\cmake-4.0\Modules\Compiler\Intel-DetermineCompiler.cmake C$:\Program$ Files\CMake\share\cmake-4.0\Modules\Compiler\IntelLLVM-DetermineCompiler.cmake C$:\Program$ Files\CMake\share\cmake-4.0\Modules\Compiler\LCC-CXX-DetermineCompiler.cmake C$:\Program$ Files\CMake\share\cmake-4.0\Modules\Compiler\MSVC-CXX-CXXImportStd.cmake C$:\Program$ Files\CMake\share\cmake-4.0\Modules\Compiler\MSVC-CXX.cmake C$:\Program$ Files\CMake\share\cmake-4.0\Modules\Compiler\MSVC-DetermineCompiler.cmake C$:\Program$ Files\CMake\share\cmake-4.0\Modules\Compiler\MSVC.cmake C$:\Program$ Files\CMake\share\cmake-4.0\Modules\Compiler\NVHPC-DetermineCompiler.cmake C$:\Program$ Files\CMake\share\cmake-4.0\Modules\Compiler\NVIDIA-DetermineCompiler.cmake C$:\Program$ Files\CMake\share\cmake-4.0\Modules\Compiler\OpenWatcom-DetermineCompiler.cmake C$:\Program$ Files\CMake\share\cmake-4.0\Modules\Compiler\OrangeC-DetermineCompiler.cmake C$:\Program$ Files\CMake\share\cmake-4.0\Modules\Compiler\PGI-DetermineCompiler.cmake C$:\Program$ Files\CMake\share\cmake-4.0\Modules\Compiler\PathScale-DetermineCompiler.cmake C$:\Program$ Files\CMake\share\cmake-4.0\Modules\Compiler\SCO-DetermineCompiler.cmake C$:\Program$ Files\CMake\share\cmake-4.0\Modules\Compiler\SunPro-CXX-DetermineCompiler.cmake C$:\Program$ Files\CMake\share\cmake-4.0\Modules\Compiler\TI-DetermineCompiler.cmake C$:\Program$ Files\CMake\share\cmake-4.0\Modules\Compiler\TIClang-DetermineCompiler.cmake C$:\Program$ Files\CMake\share\cmake-4.0\Modules\Compiler\Tasking-DetermineCompiler.cmake C$:\Program$ Files\CMake\share\cmake-4.0\Modules\Compiler\VisualAge-CXX-DetermineCompiler.cmake C$:\Program$ Files\CMake\share\cmake-4.0\Modules\Compiler\Watcom-DetermineCompiler.cmake C$:\Program$ Files\CMake\share\cmake-4.0\Modules\Compiler\XL-CXX-DetermineCompiler.cmake C$:\Program$ Files\CMake\share\cmake-4.0\Modules\Compiler\XLClang-CXX-DetermineCompiler.cmake C$:\Program$ Files\CMake\share\cmake-4.0\Modules\Compiler\zOS-CXX-DetermineCompiler.cmake C$:\Program$ Files\CMake\share\cmake-4.0\Modules\GNUInstallDirs.cmake C$:\Program$ Files\CMake\share\cmake-4.0\Modules\Internal\CMakeCXXLinkerInformation.cmake C$:\Program$ Files\CMake\share\cmake-4.0\Modules\Internal\CMakeCommonLinkerInformation.cmake C$:\Program$ Files\CMake\share\cmake-4.0\Modules\Internal\CMakeDetermineLinkerId.cmake C$:\Program$ Files\CMake\share\cmake-4.0\Modules\Internal\FeatureTesting.cmake C$:\Program$ Files\CMake\share\cmake-4.0\Modules\Linker\MSVC-CXX.cmake C$:\Program$ Files\CMake\share\cmake-4.0\Modules\Linker\MSVC.cmake C$:\Program$ Files\CMake\share\cmake-4.0\Modules\Platform\Linker\Windows-MSVC-CXX.cmake C$:\Program$ Files\CMake\share\cmake-4.0\Modules\Platform\Linker\Windows-MSVC.cmake C$:\Program$ Files\CMake\share\cmake-4.0\Modules\Platform\Windows-Determine-CXX.cmake C$:\Program$ Files\CMake\share\cmake-4.0\Modules\Platform\Windows-Initialize.cmake C$:\Program$ Files\CMake\share\cmake-4.0\Modules\Platform\Windows-MSVC-CXX.cmake C$:\Program$ Files\CMake\share\cmake-4.0\Modules\Platform\Windows-MSVC.cmake C$:\Program$ Files\CMake\share\cmake-4.0\Modules\Platform\Windows.cmake C$:\Program$ Files\CMake\share\cmake-4.0\Modules\Platform\WindowsPaths.cmake C$:\Program$ Files\CMake\share\cmake-4.0\Modules\WriteBasicConfigVersionFile.cmake C$:\Program$ Files\CMake\share\cmake-4.0\Templates\CPackConfig.cmake.in C$:\Program$ Files\Microsoft$ Visual$ Studio\2022-17.12.2\VC\vcpkg\scripts\buildsystems\vcpkg.cmake C$:\Program$ Files\Microsoft$ Visual$ Studio\2022-17.12.2\VC\vcpkg\scripts\toolchains\windows.cmake C$:\Users\artal\Documents\Visual$ Studio$ 2022\RumbleGame\CardRumble\vcpkg_installed\vcpkg\blds\nodesoup\src\522dbca74f-4565ebbae7.clean\CMakeLists.txt C$:\Users\artal\Documents\Visual$ Studio$ 2022\RumbleGame\CardRumble\vcpkg_installed\vcpkg\blds\nodesoup\src\522dbca74f-4565ebbae7.clean\src\CMakeLists.txt CMakeCache.txt CMakeFiles\4.0.0-rc4\CMakeCXXCompiler.cmake CMakeFiles\4.0.0-rc4\CMakeRCCompiler.cmake CMakeFiles\4.0.0-rc4\CMakeSystem.cmake: phony


#############################################
# Clean all the built files.

build clean: CLEAN


#############################################
# Print all primary targets available.

build help: HELP


#############################################
# Make the all target the default.

default all
