[1/2] "C:/Program Files/CMake/bin/cmake.exe" -E chdir ".." "C:/Program Files/CMake/bin/cmake.exe" "C:/Users/artal/Documents/Visual Studio 2022/RumbleGame/CardRumble/vcpkg_installed/vcpkg/blds/matplotplusplus/src/v1.2.1-c779e4a369.clean" "-G" "Ninja" "-DCMAKE_BUILD_TYPE=Release" "-DCMAKE_INSTALL_PREFIX=C:/Users/artal/Documents/Visual Studio 2022/RumbleGame/CardRumble/vcpkg_installed/vcpkg/pkgs/matplotplusplus_x64-windows" "-DFETCHCONTENT_FULLY_DISCONNECTED=ON" "-DMATPLOTPP_BUILD_EXPERIMENTAL_OPENGL_BACKEND=OFF" "-DWITH_JPEG=OFF" "-DWITH_TIFF=OFF" "-DWITH_ZLIB=OFF" "-DWITH_LAPACK=OFF" "-DWITH_BLAS=OFF" "-DWITH_FFTW3=OFF" "-DWITH_OPENCV=OFF" "-DMATPLOTPP_BUILD_EXAMPLES=OFF" "-DMATPLOTPP_BUILD_TESTS=OFF" "-DMATPLOTPP_BUILD_INSTALLER=ON" "-DMATPLOTPP_BUILD_PACKAGE=OFF" "-DMATPLOTPP_BUILD_WITH_PEDANTIC_WARNINGS=OFF" "-DWITH_SYSTEM_CIMG=ON" "-DMATPLOTPP_BUILD_HIGH_RESOLUTION_WORLD_MAP=" "-DMATPLOTPP_BUILD_WITH_SANITIZERS=OFF" "-DCMAKE_MAKE_PROGRAM=C:/Program Files/Microsoft Visual Studio/2022-17.12.2/Common7/IDE/CommonExtensions/Microsoft/CMake/Ninja/ninja.exe" "-DBUILD_SHARED_LIBS=OFF" "-DVCPKG_CHAINLOAD_TOOLCHAIN_FILE=C:/Program Files/Microsoft Visual Studio/2022-17.12.2/VC/vcpkg/scripts/toolchains/windows.cmake" "-DVCPKG_TARGET_TRIPLET=x64-windows" "-DVCPKG_SET_CHARSET_FLAG=ON" "-DVCPKG_PLATFORM_TOOLSET=v143" "-DCMAKE_EXPORT_NO_PACKAGE_REGISTRY=ON" "-DCMAKE_FIND_PACKAGE_NO_PACKAGE_REGISTRY=ON" "-DCMAKE_FIND_PACKAGE_NO_SYSTEM_PACKAGE_REGISTRY=ON" "-DCMAKE_INSTALL_SYSTEM_RUNTIME_LIBS_SKIP=TRUE" "-DCMAKE_VERBOSE_MAKEFILE=ON" "-DVCPKG_APPLOCAL_DEPS=OFF" "-DCMAKE_TOOLCHAIN_FILE=C:/Program Files/Microsoft Visual Studio/2022-17.12.2/VC/vcpkg/scripts/buildsystems/vcpkg.cmake" "-DCMAKE_ERROR_ON_ABSOLUTE_INSTALL_DESTINATION=ON" "-DVCPKG_CXX_FLAGS=" "-DVCPKG_CXX_FLAGS_RELEASE=" "-DVCPKG_CXX_FLAGS_DEBUG=" "-DVCPKG_C_FLAGS=" "-DVCPKG_C_FLAGS_RELEASE=" "-DVCPKG_C_FLAGS_DEBUG=" "-DVCPKG_CRT_LINKAGE=dynamic" "-DVCPKG_LINKER_FLAGS=" "-DVCPKG_LINKER_FLAGS_RELEASE=" "-DVCPKG_LINKER_FLAGS_DEBUG=" "-DVCPKG_TARGET_ARCHITECTURE=x64" "-DCMAKE_INSTALL_LIBDIR:STRING=lib" "-DCMAKE_INSTALL_BINDIR:STRING=bin" "-D_VCPKG_ROOT_DIR=C:/Program Files/Microsoft Visual Studio/2022-17.12.2/VC/vcpkg" "-D_VCPKG_INSTALLED_DIR=C:/Users/artal/Documents/Visual Studio 2022/RumbleGame/CardRumble/vcpkg_installed" "-DVCPKG_MANIFEST_INSTALL=OFF"
-- The C compiler identification is MSVC 19.43.34810.0
-- The CXX compiler identification is MSVC 19.43.34810.0
-- Detecting C compiler ABI info
-- Detecting C compiler ABI info - done
-- Check for working C compiler: C:/Program Files/Microsoft Visual Studio/2022-17.12.2/VC/Tools/MSVC/14.43.34808/bin/Hostx64/x64/cl.exe - skipped
-- Detecting C compile features
-- Detecting C compile features - done
-- Detecting CXX compiler ABI info
-- Detecting CXX compiler ABI info - done
-- Check for working CXX compiler: C:/Program Files/Microsoft Visual Studio/2022-17.12.2/VC/Tools/MSVC/14.43.34808/bin/Hostx64/x64/cl.exe - skipped
-- Detecting CXX compile features
-- Detecting CXX compile features - done
Setting global options
-- Could NOT find PkgConfig (missing: PKG_CONFIG_EXECUTABLE) 
-- Performing Test COMPILER_HAS_DEPRECATED_ATTR
-- Performing Test COMPILER_HAS_DEPRECATED_ATTR - Failed
-- Performing Test COMPILER_HAS_DEPRECATED
-- Performing Test COMPILER_HAS_DEPRECATED - Success
Setting matplotplusplus compiler options
-- Looking for __fbufsize
-- Looking for __fbufsize - not found
Not including the high resolution maps for geoplots
CMAKE_INSTALL_PREFIX=C:/Users/artal/Documents/Visual Studio 2022/RumbleGame/CardRumble/vcpkg_installed/vcpkg/pkgs/matplotplusplus_x64-windows
CMAKE_INSTALL_LIBDIR=lib
-- Configuring done (3.1s)
-- Generating done (0.1s)
CMake Warning:
  Manually-specified variables were not used by the project:

    _VCPKG_ROOT_DIR


-- Build files have been written to: C:/Users/artal/Documents/Visual Studio 2022/RumbleGame/CardRumble/vcpkg_installed/vcpkg/blds/matplotplusplus/x64-windows-rel
[2/2] "C:/Program Files/CMake/bin/cmake.exe" -E chdir "../../x64-windows-dbg" "C:/Program Files/CMake/bin/cmake.exe" "C:/Users/artal/Documents/Visual Studio 2022/RumbleGame/CardRumble/vcpkg_installed/vcpkg/blds/matplotplusplus/src/v1.2.1-c779e4a369.clean" "-G" "Ninja" "-DCMAKE_BUILD_TYPE=Debug" "-DCMAKE_INSTALL_PREFIX=C:/Users/artal/Documents/Visual Studio 2022/RumbleGame/CardRumble/vcpkg_installed/vcpkg/pkgs/matplotplusplus_x64-windows/debug" "-DFETCHCONTENT_FULLY_DISCONNECTED=ON" "-DMATPLOTPP_BUILD_EXPERIMENTAL_OPENGL_BACKEND=OFF" "-DWITH_JPEG=OFF" "-DWITH_TIFF=OFF" "-DWITH_ZLIB=OFF" "-DWITH_LAPACK=OFF" "-DWITH_BLAS=OFF" "-DWITH_FFTW3=OFF" "-DWITH_OPENCV=OFF" "-DMATPLOTPP_BUILD_EXAMPLES=OFF" "-DMATPLOTPP_BUILD_TESTS=OFF" "-DMATPLOTPP_BUILD_INSTALLER=ON" "-DMATPLOTPP_BUILD_PACKAGE=OFF" "-DMATPLOTPP_BUILD_WITH_PEDANTIC_WARNINGS=OFF" "-DWITH_SYSTEM_CIMG=ON" "-DMATPLOTPP_BUILD_HIGH_RESOLUTION_WORLD_MAP=" "-DMATPLOTPP_BUILD_WITH_SANITIZERS=OFF" "-DCMAKE_MAKE_PROGRAM=C:/Program Files/Microsoft Visual Studio/2022-17.12.2/Common7/IDE/CommonExtensions/Microsoft/CMake/Ninja/ninja.exe" "-DBUILD_SHARED_LIBS=OFF" "-DVCPKG_CHAINLOAD_TOOLCHAIN_FILE=C:/Program Files/Microsoft Visual Studio/2022-17.12.2/VC/vcpkg/scripts/toolchains/windows.cmake" "-DVCPKG_TARGET_TRIPLET=x64-windows" "-DVCPKG_SET_CHARSET_FLAG=ON" "-DVCPKG_PLATFORM_TOOLSET=v143" "-DCMAKE_EXPORT_NO_PACKAGE_REGISTRY=ON" "-DCMAKE_FIND_PACKAGE_NO_PACKAGE_REGISTRY=ON" "-DCMAKE_FIND_PACKAGE_NO_SYSTEM_PACKAGE_REGISTRY=ON" "-DCMAKE_INSTALL_SYSTEM_RUNTIME_LIBS_SKIP=TRUE" "-DCMAKE_VERBOSE_MAKEFILE=ON" "-DVCPKG_APPLOCAL_DEPS=OFF" "-DCMAKE_TOOLCHAIN_FILE=C:/Program Files/Microsoft Visual Studio/2022-17.12.2/VC/vcpkg/scripts/buildsystems/vcpkg.cmake" "-DCMAKE_ERROR_ON_ABSOLUTE_INSTALL_DESTINATION=ON" "-DVCPKG_CXX_FLAGS=" "-DVCPKG_CXX_FLAGS_RELEASE=" "-DVCPKG_CXX_FLAGS_DEBUG=" "-DVCPKG_C_FLAGS=" "-DVCPKG_C_FLAGS_RELEASE=" "-DVCPKG_C_FLAGS_DEBUG=" "-DVCPKG_CRT_LINKAGE=dynamic" "-DVCPKG_LINKER_FLAGS=" "-DVCPKG_LINKER_FLAGS_RELEASE=" "-DVCPKG_LINKER_FLAGS_DEBUG=" "-DVCPKG_TARGET_ARCHITECTURE=x64" "-DCMAKE_INSTALL_LIBDIR:STRING=lib" "-DCMAKE_INSTALL_BINDIR:STRING=bin" "-D_VCPKG_ROOT_DIR=C:/Program Files/Microsoft Visual Studio/2022-17.12.2/VC/vcpkg" "-D_VCPKG_INSTALLED_DIR=C:/Users/artal/Documents/Visual Studio 2022/RumbleGame/CardRumble/vcpkg_installed" "-DVCPKG_MANIFEST_INSTALL=OFF"
-- The C compiler identification is MSVC 19.43.34810.0
-- The CXX compiler identification is MSVC 19.43.34810.0
-- Detecting C compiler ABI info
-- Detecting C compiler ABI info - done
-- Check for working C compiler: C:/Program Files/Microsoft Visual Studio/2022-17.12.2/VC/Tools/MSVC/14.43.34808/bin/Hostx64/x64/cl.exe - skipped
-- Detecting C compile features
-- Detecting C compile features - done
-- Detecting CXX compiler ABI info
-- Detecting CXX compiler ABI info - done
-- Check for working CXX compiler: C:/Program Files/Microsoft Visual Studio/2022-17.12.2/VC/Tools/MSVC/14.43.34808/bin/Hostx64/x64/cl.exe - skipped
-- Detecting CXX compile features
-- Detecting CXX compile features - done
Setting global options
-- Could NOT find PkgConfig (missing: PKG_CONFIG_EXECUTABLE) 
-- Performing Test COMPILER_HAS_DEPRECATED_ATTR
-- Performing Test COMPILER_HAS_DEPRECATED_ATTR - Failed
-- Performing Test COMPILER_HAS_DEPRECATED
-- Performing Test COMPILER_HAS_DEPRECATED - Success
Setting matplotplusplus compiler options
-- Looking for __fbufsize
-- Looking for __fbufsize - not found
Not including the high resolution maps for geoplots
CMAKE_INSTALL_PREFIX=C:/Users/artal/Documents/Visual Studio 2022/RumbleGame/CardRumble/vcpkg_installed/vcpkg/pkgs/matplotplusplus_x64-windows/debug
CMAKE_INSTALL_LIBDIR=lib
-- Configuring done (3.1s)
-- Generating done (0.1s)
CMake Warning:
  Manually-specified variables were not used by the project:

    _VCPKG_ROOT_DIR


-- Build files have been written to: C:/Users/artal/Documents/Visual Studio 2022/RumbleGame/CardRumble/vcpkg_installed/vcpkg/blds/matplotplusplus/x64-windows-dbg
